(* sde3.log *)
(* Fei Ding *)
(* 11/30/2016 *)

# set_intersect mu1 mu2;;
- : (int * int) * (int * float) list =
((1, 7),
 [(1, 0.); (2, 0.3); (3, 0.7); (4, 0.8); (5, 0.8); (6, 0.25); (7, 0.)])

# set_intersect mu1e mu2e;;
- : (int * int) * (int * float) list =
((1, 20),
 [(1, 0.); (2, 0.); (3, 0.2); (4, 0.4); (5, 0.6); (6, 0.3); (7, 0.); 
  (8, 0.); (9, 0.); (10, 1.); (11, 0.8); (12, 0.8); (13, 1.); (14, 1.);
  (15, 0.8); (16, 0.6); (17, 0.4); (18, 0.2); (19, 0.); (20, 0.)])

# set_intersect mu1b mu2b;;
Exception: Failure "problem with domain or list length".

# set_intersect mu1c mu2c;;
Exception: Failure "problem with domain or list length".

# set_intersect mu1d mu2d;;
Exception: Failure "problem with singleton list element(s)".



# set_union mu1 mu2;;
- : (int * int) * (int * float) list =
((1, 7),
 [(1, 0.); (2, 0.5); (3, 0.9); (4, 1.); (5, 0.8); (6, 0.5); (7, 0.3)])

# set_union mu1e mu2e;;
- : (int * int) * (int * float) list =
((1, 20),
 [(1, 0.); (2, 0.3); (3, 0.6); (4, 0.9); (5, 0.6); (6, 0.8); (7, 1.);
  (8, 1.); (9, 1.); (10, 1.); (11, 1.); (12, 1.); (13, 1.); (14, 1.);
  (15, 1.); (16, 0.8); (17, 0.5); (18, 0.5); (19, 0.5); (20, 0.5)])

# set_union mu1b mu2b;;
Exception: Failure "problem with domain or list length".

# set_union mu1c mu2c;;
Exception: Failure "problem with domain or list length".

# set_union mu1d mu2d;;
Exception: Failure "problem with singleton list element(s)".



# set_compl mu1;;
- : (int * int) * (int * float) list =
((1, 7),
 [(1, 1.); (2, 0.7); (3, 0.0999999999999999778); (4, 0.);
  (5, 0.199999999999999956); (6, 0.5); (7, 1.)])

# set_compl mu2;;
- : (int * int) * (int * float) list =
((1, 7),
 [(1, 1.); (2, 0.5); (3, 0.300000000000000044); (4, 0.199999999999999956);
  (5, 0.199999999999999956); (6, 0.75); (7, 0.7)])

# set_compl mu1e;;
- : (int * int) * (int * float) list =
((1, 20),
 [(1, 1.); (2, 0.7); (3, 0.4); (4, 0.0999999999999999778); (5, 0.4);
  (6, 0.7); (7, 1.); (8, 1.); (9, 1.); (10, 0.); (11, 0.); (12, 0.);
  (13, 0.); (14, 0.); (15, 0.199999999999999956); (16, 0.4); (17, 0.6);
  (18, 0.8); (19, 1.); (20, 1.)])



# set_somewhat mu1;;
- : (int * int) * (int * float) list =
((1, 7),
 [(1, 0.); (2, 0.669701663687948); (3, 0.965523293354208167); (4, 1.);
  (5, 0.928386818665011382); (6, 0.793883930931652437); (7, 0.)])

# set_somewhat mu2;;
- : (int * int) * (int * float) list =
((1, 7),
 [(1, 0.); (2, 0.793883930931652437); (3, 0.888009572388225199);
  (4, 0.928386818665011382); (5, 0.928386818665011382);
  (6, 0.630251695791492761); (7, 0.669701663687948)])

# set_somewhat mu1e;;
- : (int * int) * (int * float) list =
((1, 20),
 [(1, 0.); (2, 0.669701663687948); (3, 0.843576293201989902);
  (4, 0.965523293354208167); (5, 0.843576293201989902);
  (6, 0.669701663687948); (7, 0.); (8, 0.); (9, 0.); (10, 1.); (11, 1.);
  (12, 1.); (13, 1.); (14, 1.); (15, 0.928386818665011382);
  (16, 0.843576293201989902); (17, 0.737031377026910461);
  (18, 0.585117366814092543); (19, 0.); (20, 0.)])


